{"D:\\PROJECTS\\unit-testing-app\\src\\App.tsx": {"path":"D:\\PROJECTS\\unit-testing-app\\src\\App.tsx","statementMap":{"0":{"start":{"line":5,"column":2},"end":{"line":5,"column":null}}},"fnMap":{"0":{"name":"App","decl":{"start":{"line":2,"column":9},"end":{"line":2,"column":13}},"loc":{"start":{"line":2,"column":43},"end":{"line":5,"column":null}},"line":2}},"branchMap":{},"s":{"0":1},"f":{"0":1},"b":{},"meta":{"lastBranch":0,"lastFunction":1,"lastStatement":1,"seen":{"f:2:9:2:13":0,"s:5:2:5:Infinity":0}}}
,"D:\\PROJECTS\\unit-testing-app\\src\\Counter.tsx": {"path":"D:\\PROJECTS\\unit-testing-app\\src\\Counter.tsx","statementMap":{"0":{"start":{"line":3,"column":6},"end":{"line":11,"column":null}},"1":{"start":{"line":4,"column":20},"end":{"line":4,"column":45}},"2":{"start":{"line":6,"column":4},"end":{"line":11,"column":null}},"3":{"start":{"line":9,"column":35},"end":{"line":9,"column":58}},"4":{"start":{"line":10,"column":35},"end":{"line":10,"column":58}}},"fnMap":{"0":{"name":"(anonymous_0)","decl":{"start":{"line":3,"column":6},"end":{"line":3,"column":22}},"loc":{"start":{"line":3,"column":22},"end":{"line":11,"column":null}},"line":3},"1":{"name":"(anonymous_1)","decl":{"start":{"line":9,"column":20},"end":{"line":9,"column":35}},"loc":{"start":{"line":9,"column":35},"end":{"line":9,"column":58}},"line":9},"2":{"name":"(anonymous_2)","decl":{"start":{"line":10,"column":20},"end":{"line":10,"column":35}},"loc":{"start":{"line":10,"column":35},"end":{"line":10,"column":58}},"line":10}},"branchMap":{},"s":{"0":1,"1":5,"2":5,"3":1,"4":1},"f":{"0":5,"1":1,"2":1},"b":{},"meta":{"lastBranch":0,"lastFunction":3,"lastStatement":5,"seen":{"s:3:6:11:Infinity":0,"f:3:6:3:22":0,"s:4:20:4:45":1,"s:6:4:11:Infinity":2,"f:9:20:9:35":1,"s:9:35:9:58":3,"f:10:20:10:35":2,"s:10:35:10:58":4}}}
}
